‡ÆÜ17:40:53.292 [Test worker] WARN  org.springframework.beans.factory.annotation.AutowiredAnnotationBeanPostProcessor - Inconsistent constructor declaration on bean with name 'annotatedBean': single autowire-marked constructor flagged as optional - this constructor is effectively required since there is no default constructor to fall back to: public org.springframework.beans.factory.annotation.AutowiredAnnotationBeanPostProcessorTests$ConstructorWithoutFallbackBean(org.springframework.tests.sample.beans.ITestBean)
äãé17:40:55.488 [Test worker] WARN  org.springframework.beans.factory.config.YamlMapFactoryBean - Could not load map from non-existent: planned
äëÓ17:40:55.510 [Test worker] WARN  org.springframework.beans.factory.config.YamlMapFactoryBean - Could not load map from file [D:\springProject\spring-learn\spring-framework-5.0.x\spring-beans\non-exsitent-file.yml]: non-exsitent-file.yml
ú®˘17:40:55.542 [Test worker] WARN  org.springframework.beans.factory.config.YamlPropertiesFactoryBean - Could not load map from class path resource [no-such-file.yml]: class path resource [no-such-file.yml] cannot be opened because it does not exist
Æπ©17:40:55.579 [Test worker] WARN  org.springframework.beans.factory.support.DefaultListableBeanFactory - Bean creation exception on non-lazy FactoryBean type check: org.springframework.beans.factory.BeanIsAbstractException: Error creating bean with name 'factoryBean': Bean definition is abstract
ÁËú17:40:56.197 [Test worker] WARN  org.springframework.beans.factory.support.DisposableBeanAdapter - Invocation of destroy method failed on bean with name 'spring-destroy': java.security.AccessControlException: access denied ("java.util.PropertyPermission" "security.destroy" "write")
ÁÈÉ17:40:56.206 [Test worker] WARN  org.springframework.beans.factory.support.DefaultListableBeanFactory - FactoryBean threw exception from getObjectType, despite the contract saying that it should return null if the type of its object cannot be determined yet
ÁÈtjava.security.AccessControlException: access denied ("java.util.PropertyPermission" "factory.object.type" "write")
ÁÈf	at java.security.AccessControlContext.checkPermission(AccessControlContext.java:472) ~[?:1.8.0_211]
ÁÈ^	at java.security.AccessController.checkPermission(AccessController.java:884) ~[?:1.8.0_211]
ÁÈX	at java.lang.SecurityManager.checkPermission(SecurityManager.java:549) ~[?:1.8.0_211]
ÁÈB	at java.lang.System.setProperty(System.java:792) ~[?:1.8.0_211]
ÁÈÜ	at org.springframework.beans.factory.support.security.support.CustomFactoryBean.getObjectType(CustomFactoryBean.java:34) ~[test/:?]
ÁÈO	at java.security.AccessController.doPrivileged(Native Method) ~[?:1.8.0_211]
ÁÈé	at org.springframework.beans.factory.support.FactoryBeanRegistrySupport.getTypeForFactoryBean(FactoryBeanRegistrySupport.java:60) [main/:?]
ÁÈü	at org.springframework.beans.factory.support.AbstractAutowireCapableBeanFactory.getTypeForFactoryBean(AbstractAutowireCapableBeanFactory.java:836) [main/:?]
ÁÈs	at org.springframework.beans.factory.support.AbstractBeanFactory.getType(AbstractBeanFactory.java:674) [main/:?]
ÁÈê	at org.springframework.beans.factory.support.security.CallbacksSecurityTests.testCustomFactoryType(CallbacksSecurityTests.java:416) [test/:?]
ÁÈP	at sun.reflect.NativeMethodAccessorImpl.invoke0(Native Method) ~[?:1.8.0_211]
ÁÈb	at sun.reflect.NativeMethodAccessorImpl.invoke(NativeMethodAccessorImpl.java:62) ~[?:1.8.0_211]
ÁÈj	at sun.reflect.DelegatingMethodAccessorImpl.invoke(DelegatingMethodAccessorImpl.java:43) ~[?:1.8.0_211]
ÁÈE	at java.lang.reflect.Method.invoke(Method.java:498) ~[?:1.8.0_211]
ÁÈp	at org.junit.runners.model.FrameworkMethod$1.runReflectiveCall(FrameworkMethod.java:50) [junit-4.12.jar:4.12]
ÁÈo	at org.junit.internal.runners.model.ReflectiveCallable.run(ReflectiveCallable.java:12) [junit-4.12.jar:4.12]
ÁÈn	at org.junit.runners.model.FrameworkMethod.invokeExplosively(FrameworkMethod.java:47) [junit-4.12.jar:4.12]
ÁÈm	at org.junit.internal.runners.statements.InvokeMethod.evaluate(InvokeMethod.java:17) [junit-4.12.jar:4.12]
ÁÈi	at org.junit.internal.runners.statements.RunBefores.evaluate(RunBefores.java:26) [junit-4.12.jar:4.12]
ÁÈY	at org.junit.runners.ParentRunner.runLeaf(ParentRunner.java:325) [junit-4.12.jar:4.12]
ÁÈm	at org.junit.runners.BlockJUnit4ClassRunner.runChild(BlockJUnit4ClassRunner.java:78) [junit-4.12.jar:4.12]
ÁÈm	at org.junit.runners.BlockJUnit4ClassRunner.runChild(BlockJUnit4ClassRunner.java:57) [junit-4.12.jar:4.12]
ÁÈW	at org.junit.runners.ParentRunner$3.run(ParentRunner.java:290) [junit-4.12.jar:4.12]
ÁÈ[	at org.junit.runners.ParentRunner$1.schedule(ParentRunner.java:71) [junit-4.12.jar:4.12]
ÁÈ]	at org.junit.runners.ParentRunner.runChildren(ParentRunner.java:288) [junit-4.12.jar:4.12]
ÁÈ[	at org.junit.runners.ParentRunner.access$000(ParentRunner.java:58) [junit-4.12.jar:4.12]
ÁÈ\	at org.junit.runners.ParentRunner$2.evaluate(ParentRunner.java:268) [junit-4.12.jar:4.12]
ÁÈU	at org.junit.runners.ParentRunner.run(ParentRunner.java:363) [junit-4.12.jar:4.12]
ÁÈõ	at org.gradle.api.internal.tasks.testing.junit.JUnitTestClassExecuter.runTestClass(JUnitTestClassExecuter.java:114) [gradle-testing-jvm-4.4.1.jar:4.4.1]
ÁÈï	at org.gradle.api.internal.tasks.testing.junit.JUnitTestClassExecuter.execute(JUnitTestClassExecuter.java:57) [gradle-testing-jvm-4.4.1.jar:4.4.1]
ÁÈ†	at org.gradle.api.internal.tasks.testing.junit.JUnitTestClassProcessor.processTestClass(JUnitTestClassProcessor.java:66) [gradle-testing-jvm-4.4.1.jar:4.4.1]
ÁÈõ	at org.gradle.api.internal.tasks.testing.SuiteTestClassProcessor.processTestClass(SuiteTestClassProcessor.java:51) [gradle-testing-base-4.4.1.jar:4.4.1]
ÁÈI	at sun.reflect.GeneratedMethodAccessor29.invoke(Unknown Source) ~[?:?]
ÁÈj	at sun.reflect.DelegatingMethodAccessorImpl.invoke(DelegatingMethodAccessorImpl.java:43) ~[?:1.8.0_211]
ÁÈE	at java.lang.reflect.Method.invoke(Method.java:498) ~[?:1.8.0_211]
ÁÈ}	at org.gradle.internal.dispatch.ReflectionDispatch.dispatch(ReflectionDispatch.java:35) [gradle-messaging-4.4.1.jar:4.4.1]
ÁÈ}	at org.gradle.internal.dispatch.ReflectionDispatch.dispatch(ReflectionDispatch.java:24) [gradle-messaging-4.4.1.jar:4.4.1]
ÁÈç	at org.gradle.internal.dispatch.ContextClassLoaderDispatch.dispatch(ContextClassLoaderDispatch.java:32) [gradle-messaging-4.4.1.jar:4.4.1]
ÁÈú	at org.gradle.internal.dispatch.ProxyDispatchAdapter$DispatchingInvocationHandler.invoke(ProxyDispatchAdapter.java:93) [gradle-messaging-4.4.1.jar:4.4.1]
ÁÈB	at com.sun.proxy.$Proxy1.processTestClass(Unknown Source) [?:?]
ÁÈâ	at org.gradle.api.internal.tasks.testing.worker.TestWorker.processTestClass(TestWorker.java:108) [gradle-testing-base-4.4.1.jar:4.4.1]
ÁÈI	at sun.reflect.GeneratedMethodAccessor28.invoke(Unknown Source) ~[?:?]
ÁÈj	at sun.reflect.DelegatingMethodAccessorImpl.invoke(DelegatingMethodAccessorImpl.java:43) ~[?:1.8.0_211]
ÁÈE	at java.lang.reflect.Method.invoke(Method.java:498) ~[?:1.8.0_211]
ÁÈ}	at org.gradle.internal.dispatch.ReflectionDispatch.dispatch(ReflectionDispatch.java:35) [gradle-messaging-4.4.1.jar:4.4.1]
ÁÈ}	at org.gradle.internal.dispatch.ReflectionDispatch.dispatch(ReflectionDispatch.java:24) [gradle-messaging-4.4.1.jar:4.4.1]
ÁÈµ	at org.gradle.internal.remote.internal.hub.MessageHubBackedObjectConnection$DispatchWrapper.dispatch(MessageHubBackedObjectConnection.java:146) [gradle-messaging-4.4.1.jar:4.4.1]
ÁÈµ	at org.gradle.internal.remote.internal.hub.MessageHubBackedObjectConnection$DispatchWrapper.dispatch(MessageHubBackedObjectConnection.java:128) [gradle-messaging-4.4.1.jar:4.4.1]
ÁÈ|	at org.gradle.internal.remote.internal.hub.MessageHub$Handler.run(MessageHub.java:404) [gradle-messaging-4.4.1.jar:4.4.1]
ÁÈì	at org.gradle.internal.concurrent.ExecutorPolicy$CatchAndRecordFailures.onExecute(ExecutorPolicy.java:63) [gradle-base-services-4.4.1.jar:4.4.1]
ÁÈÇ	at org.gradle.internal.concurrent.ManagedExecutorImpl$1.run(ManagedExecutorImpl.java:46) [gradle-base-services-4.4.1.jar:4.4.1]
ÁÈc	at java.util.concurrent.ThreadPoolExecutor.runWorker(ThreadPoolExecutor.java:1149) [?:1.8.0_211]
ÁÈc	at java.util.concurrent.ThreadPoolExecutor$Worker.run(ThreadPoolExecutor.java:624) [?:1.8.0_211]
ÁÈí	at org.gradle.internal.concurrent.ThreadFactoryImpl$ManagedThreadRunnable.run(ThreadFactoryImpl.java:55) [gradle-base-services-4.4.1.jar:4.4.1]
ÁÈ9	at java.lang.Thread.run(Thread.java:748) [?:1.8.0_211]
ÁÈÉ17:40:56.253 [Test worker] WARN  org.springframework.beans.factory.support.DefaultListableBeanFactory - FactoryBean threw exception from getObjectType, despite the contract saying that it should return null if the type of its object cannot be determined yet
ÁÈtjava.security.AccessControlException: access denied ("java.util.PropertyPermission" "factory.object.type" "write")
ÁÈf	at java.security.AccessControlContext.checkPermission(AccessControlContext.java:472) ~[?:1.8.0_211]
ÁÈ^	at java.security.AccessController.checkPermission(AccessController.java:884) ~[?:1.8.0_211]
ÁÈX	at java.lang.SecurityManager.checkPermission(SecurityManager.java:549) ~[?:1.8.0_211]
ÁÈB	at java.lang.System.setProperty(System.java:792) ~[?:1.8.0_211]
ÁÈÜ	at org.springframework.beans.factory.support.security.support.CustomFactoryBean.getObjectType(CustomFactoryBean.java:34) ~[test/:?]
ÁÈO	at java.security.AccessController.doPrivileged(Native Method) ~[?:1.8.0_211]
ÁÈé	at org.springframework.beans.factory.support.FactoryBeanRegistrySupport.getTypeForFactoryBean(FactoryBeanRegistrySupport.java:60) [main/:?]
ÁÈÇ	at org.springframework.beans.factory.support.AbstractBeanFactory.getTypeForFactoryBean(AbstractBeanFactory.java:1557) [main/:?]
ÁÈü	at org.springframework.beans.factory.support.AbstractAutowireCapableBeanFactory.getTypeForFactoryBean(AbstractAutowireCapableBeanFactory.java:843) [main/:?]
ÁÈs	at org.springframework.beans.factory.support.AbstractBeanFactory.getType(AbstractBeanFactory.java:674) [main/:?]
ÁÈê	at org.springframework.beans.factory.support.security.CallbacksSecurityTests.testCustomFactoryType(CallbacksSecurityTests.java:416) [test/:?]
ÁÈP	at sun.reflect.NativeMethodAccessorImpl.invoke0(Native Method) ~[?:1.8.0_211]
ÁÈb	at sun.reflect.NativeMethodAccessorImpl.invoke(NativeMethodAccessorImpl.java:62) ~[?:1.8.0_211]
ÁÈj	at sun.reflect.DelegatingMethodAccessorImpl.invoke(DelegatingMethodAccessorImpl.java:43) ~[?:1.8.0_211]
ÁÈE	at java.lang.reflect.Method.invoke(Method.java:498) ~[?:1.8.0_211]
ÁÈp	at org.junit.runners.model.FrameworkMethod$1.runReflectiveCall(FrameworkMethod.java:50) [junit-4.12.jar:4.12]
ÁÈo	at org.junit.internal.runners.model.ReflectiveCallable.run(ReflectiveCallable.java:12) [junit-4.12.jar:4.12]
ÁÈn	at org.junit.runners.model.FrameworkMethod.invokeExplosively(FrameworkMethod.java:47) [junit-4.12.jar:4.12]
ÁÈm	at org.junit.internal.runners.statements.InvokeMethod.evaluate(InvokeMethod.java:17) [junit-4.12.jar:4.12]
ÁÈi	at org.junit.internal.runners.statements.RunBefores.evaluate(RunBefores.java:26) [junit-4.12.jar:4.12]
ÁÈY	at org.junit.runners.ParentRunner.runLeaf(ParentRunner.java:325) [junit-4.12.jar:4.12]
ÁÈm	at org.junit.runners.BlockJUnit4ClassRunner.runChild(BlockJUnit4ClassRunner.java:78) [junit-4.12.jar:4.12]
ÁÈm	at org.junit.runners.BlockJUnit4ClassRunner.runChild(BlockJUnit4ClassRunner.java:57) [junit-4.12.jar:4.12]
ÁÈW	at org.junit.runners.ParentRunner$3.run(ParentRunner.java:290) [junit-4.12.jar:4.12]
ÁÈ[	at org.junit.runners.ParentRunner$1.schedule(ParentRunner.java:71) [junit-4.12.jar:4.12]
ÁÈ]	at org.junit.runners.ParentRunner.runChildren(ParentRunner.java:288) [junit-4.12.jar:4.12]
ÁÈ[	at org.junit.runners.ParentRunner.access$000(ParentRunner.java:58) [junit-4.12.jar:4.12]
ÁÈ\	at org.junit.runners.ParentRunner$2.evaluate(ParentRunner.java:268) [junit-4.12.jar:4.12]
ÁÈU	at org.junit.runners.ParentRunner.run(ParentRunner.java:363) [junit-4.12.jar:4.12]
ÁÈõ	at org.gradle.api.internal.tasks.testing.junit.JUnitTestClassExecuter.runTestClass(JUnitTestClassExecuter.java:114) [gradle-testing-jvm-4.4.1.jar:4.4.1]
ÁÈï	at org.gradle.api.internal.tasks.testing.junit.JUnitTestClassExecuter.execute(JUnitTestClassExecuter.java:57) [gradle-testing-jvm-4.4.1.jar:4.4.1]
ÁÈ†	at org.gradle.api.internal.tasks.testing.junit.JUnitTestClassProcessor.processTestClass(JUnitTestClassProcessor.java:66) [gradle-testing-jvm-4.4.1.jar:4.4.1]
ÁÈõ	at org.gradle.api.internal.tasks.testing.SuiteTestClassProcessor.processTestClass(SuiteTestClassProcessor.java:51) [gradle-testing-base-4.4.1.jar:4.4.1]
ÁÈI	at sun.reflect.GeneratedMethodAccessor29.invoke(Unknown Source) ~[?:?]
ÁÈj	at sun.reflect.DelegatingMethodAccessorImpl.invoke(DelegatingMethodAccessorImpl.java:43) ~[?:1.8.0_211]
ÁÈE	at java.lang.reflect.Method.invoke(Method.java:498) ~[?:1.8.0_211]
ÁÈ}	at org.gradle.internal.dispatch.ReflectionDispatch.dispatch(ReflectionDispatch.java:35) [gradle-messaging-4.4.1.jar:4.4.1]
ÁÈ}	at org.gradle.internal.dispatch.ReflectionDispatch.dispatch(ReflectionDispatch.java:24) [gradle-messaging-4.4.1.jar:4.4.1]
ÁÈç	at org.gradle.internal.dispatch.ContextClassLoaderDispatch.dispatch(ContextClassLoaderDispatch.java:32) [gradle-messaging-4.4.1.jar:4.4.1]
ÁÈú	at org.gradle.internal.dispatch.ProxyDispatchAdapter$DispatchingInvocationHandler.invoke(ProxyDispatchAdapter.java:93) [gradle-messaging-4.4.1.jar:4.4.1]
ÁÈB	at com.sun.proxy.$Proxy1.processTestClass(Unknown Source) [?:?]
ÁÈâ	at org.gradle.api.internal.tasks.testing.worker.TestWorker.processTestClass(TestWorker.java:108) [gradle-testing-base-4.4.1.jar:4.4.1]
ÁÈI	at sun.reflect.GeneratedMethodAccessor28.invoke(Unknown Source) ~[?:?]
ÁÈj	at sun.reflect.DelegatingMethodAccessorImpl.invoke(DelegatingMethodAccessorImpl.java:43) ~[?:1.8.0_211]
ÁÈE	at java.lang.reflect.Method.invoke(Method.java:498) ~[?:1.8.0_211]
ÁÈ}	at org.gradle.internal.dispatch.ReflectionDispatch.dispatch(ReflectionDispatch.java:35) [gradle-messaging-4.4.1.jar:4.4.1]
ÁÈ}	at org.gradle.internal.dispatch.ReflectionDispatch.dispatch(ReflectionDispatch.java:24) [gradle-messaging-4.4.1.jar:4.4.1]
ÁÈµ	at org.gradle.internal.remote.internal.hub.MessageHubBackedObjectConnection$DispatchWrapper.dispatch(MessageHubBackedObjectConnection.java:146) [gradle-messaging-4.4.1.jar:4.4.1]
ÁÈµ	at org.gradle.internal.remote.internal.hub.MessageHubBackedObjectConnection$DispatchWrapper.dispatch(MessageHubBackedObjectConnection.java:128) [gradle-messaging-4.4.1.jar:4.4.1]
ÁÈ|	at org.gradle.internal.remote.internal.hub.MessageHub$Handler.run(MessageHub.java:404) [gradle-messaging-4.4.1.jar:4.4.1]
ÁÈì	at org.gradle.internal.concurrent.ExecutorPolicy$CatchAndRecordFailures.onExecute(ExecutorPolicy.java:63) [gradle-base-services-4.4.1.jar:4.4.1]
ÁÈÇ	at org.gradle.internal.concurrent.ManagedExecutorImpl$1.run(ManagedExecutorImpl.java:46) [gradle-base-services-4.4.1.jar:4.4.1]
ÁÈc	at java.util.concurrent.ThreadPoolExecutor.runWorker(ThreadPoolExecutor.java:1149) [?:1.8.0_211]
ÁÈc	at java.util.concurrent.ThreadPoolExecutor$Worker.run(ThreadPoolExecutor.java:624) [?:1.8.0_211]
ÁÈí	at org.gradle.internal.concurrent.ThreadFactoryImpl$ManagedThreadRunnable.run(ThreadFactoryImpl.java:55) [gradle-base-services-4.4.1.jar:4.4.1]
ÁÈ9	at java.lang.Thread.run(Thread.java:748) [?:1.8.0_211]
ÁÒ§17:40:56.335 [Test worker] WARN  org.springframework.beans.factory.support.DisposableBeanAdapter - Destroy method 'destroy' on bean with name 'custom-destroy' threw an exception: java.security.AccessControlException: access denied ("java.util.PropertyPermission" "security.destroy" "write")
